{"C:\\Projects - Shamee\\amplify-project-playground\\amplify\\backend\\function\\nodeplayground\\src\\index.js": {"path":"C:\\Projects - Shamee\\amplify-project-playground\\amplify\\backend\\function\\nodeplayground\\src\\index.js","statementMap":{"0":{"start":{"line":2,"column":0},"end":{"line":14,"column":2}},"1":{"start":{"line":3,"column":31},"end":{"line":3,"column":36}},"2":{"start":{"line":4,"column":2},"end":{"line":13,"column":3}},"3":{"start":{"line":6,"column":6},"end":{"line":6,"column":26}},"4":{"start":{"line":8,"column":6},"end":{"line":8,"column":27}},"5":{"start":{"line":10,"column":6},"end":{"line":10,"column":26}},"6":{"start":{"line":12,"column":6},"end":{"line":12,"column":30}},"7":{"start":{"line":16,"column":15},"end":{"line":38,"column":1}},"8":{"start":{"line":17,"column":2},"end":{"line":37,"column":3}},"9":{"start":{"line":18,"column":21},"end":{"line":24,"column":6}},"10":{"start":{"line":25,"column":4},"end":{"line":27,"column":5}},"11":{"start":{"line":26,"column":6},"end":{"line":26,"column":47}},"12":{"start":{"line":29,"column":17},"end":{"line":29,"column":38}},"13":{"start":{"line":30,"column":4},"end":{"line":33,"column":6}},"14":{"start":{"line":35,"column":4},"end":{"line":35,"column":25}},"15":{"start":{"line":36,"column":4},"end":{"line":36,"column":16}},"16":{"start":{"line":40,"column":13},"end":{"line":58,"column":1}},"17":{"start":{"line":41,"column":2},"end":{"line":57,"column":3}},"18":{"start":{"line":42,"column":21},"end":{"line":44,"column":6}},"19":{"start":{"line":46,"column":4},"end":{"line":48,"column":5}},"20":{"start":{"line":47,"column":6},"end":{"line":47,"column":45}},"21":{"start":{"line":49,"column":17},"end":{"line":49,"column":38}},"22":{"start":{"line":50,"column":4},"end":{"line":53,"column":6}},"23":{"start":{"line":55,"column":4},"end":{"line":55,"column":25}},"24":{"start":{"line":56,"column":4},"end":{"line":56,"column":16}},"25":{"start":{"line":60,"column":15},"end":{"line":81,"column":1}},"26":{"start":{"line":61,"column":2},"end":{"line":80,"column":3}},"27":{"start":{"line":62,"column":21},"end":{"line":68,"column":6}},"28":{"start":{"line":69,"column":4},"end":{"line":71,"column":5}},"29":{"start":{"line":70,"column":6},"end":{"line":70,"column":47}},"30":{"start":{"line":72,"column":17},"end":{"line":72,"column":38}},"31":{"start":{"line":73,"column":4},"end":{"line":76,"column":6}},"32":{"start":{"line":78,"column":4},"end":{"line":78,"column":25}},"33":{"start":{"line":79,"column":4},"end":{"line":79,"column":16}},"34":{"start":{"line":83,"column":16},"end":{"line":96,"column":1}},"35":{"start":{"line":84,"column":2},"end":{"line":95,"column":3}},"36":{"start":{"line":85,"column":21},"end":{"line":87,"column":6}},"37":{"start":{"line":88,"column":4},"end":{"line":90,"column":5}},"38":{"start":{"line":89,"column":6},"end":{"line":89,"column":47}},"39":{"start":{"line":91,"column":4},"end":{"line":91,"column":16}},"40":{"start":{"line":93,"column":4},"end":{"line":93,"column":25}},"41":{"start":{"line":94,"column":4},"end":{"line":94,"column":16}}},"fnMap":{"0":{"name":"(anonymous_0)","decl":{"start":{"line":2,"column":18},"end":{"line":2,"column":19}},"loc":{"start":{"line":2,"column":35},"end":{"line":14,"column":1}},"line":2},"1":{"name":"(anonymous_1)","decl":{"start":{"line":16,"column":15},"end":{"line":16,"column":16}},"loc":{"start":{"line":16,"column":31},"end":{"line":38,"column":1}},"line":16},"2":{"name":"(anonymous_2)","decl":{"start":{"line":40,"column":13},"end":{"line":40,"column":14}},"loc":{"start":{"line":40,"column":27},"end":{"line":58,"column":1}},"line":40},"3":{"name":"(anonymous_3)","decl":{"start":{"line":60,"column":15},"end":{"line":60,"column":16}},"loc":{"start":{"line":60,"column":31},"end":{"line":81,"column":1}},"line":60},"4":{"name":"(anonymous_4)","decl":{"start":{"line":83,"column":16},"end":{"line":83,"column":17}},"loc":{"start":{"line":83,"column":30},"end":{"line":96,"column":1}},"line":83}},"branchMap":{"0":{"loc":{"start":{"line":4,"column":2},"end":{"line":13,"column":3}},"type":"switch","locations":[{"start":{"line":5,"column":4},"end":{"line":6,"column":26}},{"start":{"line":7,"column":4},"end":{"line":8,"column":27}},{"start":{"line":9,"column":4},"end":{"line":10,"column":26}},{"start":{"line":11,"column":4},"end":{"line":12,"column":30}}],"line":4},"1":{"loc":{"start":{"line":25,"column":4},"end":{"line":27,"column":5}},"type":"if","locations":[{"start":{"line":25,"column":4},"end":{"line":27,"column":5}},{"start":{},"end":{}}],"line":25},"2":{"loc":{"start":{"line":46,"column":4},"end":{"line":48,"column":5}},"type":"if","locations":[{"start":{"line":46,"column":4},"end":{"line":48,"column":5}},{"start":{},"end":{}}],"line":46},"3":{"loc":{"start":{"line":69,"column":4},"end":{"line":71,"column":5}},"type":"if","locations":[{"start":{"line":69,"column":4},"end":{"line":71,"column":5}},{"start":{},"end":{}}],"line":69},"4":{"loc":{"start":{"line":88,"column":4},"end":{"line":90,"column":5}},"type":"if","locations":[{"start":{"line":88,"column":4},"end":{"line":90,"column":5}},{"start":{},"end":{}}],"line":88}},"s":{"0":1,"1":4,"2":4,"3":1,"4":1,"5":1,"6":1,"7":1,"8":1,"9":1,"10":1,"11":0,"12":1,"13":1,"14":0,"15":0,"16":1,"17":1,"18":1,"19":1,"20":0,"21":1,"22":1,"23":0,"24":0,"25":1,"26":1,"27":1,"28":1,"29":0,"30":1,"31":1,"32":0,"33":0,"34":1,"35":1,"36":1,"37":1,"38":0,"39":1,"40":0,"41":0},"f":{"0":4,"1":1,"2":1,"3":1,"4":1},"b":{"0":[1,1,1,1],"1":[0,1],"2":[0,1],"3":[0,1],"4":[0,1]},"_coverageSchema":"1a1c01bbd47fc00a2c39e90264f33305004495a9","hash":"f34d7de87215335a7649c0212b541293e0d98ff2"}
}
