{"C:\\Projects - Shamee\\amplify-project-playground\\amplify\\backend\\function\\nodeplayground\\src\\index.js": {"path":"C:\\Projects - Shamee\\amplify-project-playground\\amplify\\backend\\function\\nodeplayground\\src\\index.js","statementMap":{"0":{"start":{"line":1,"column":14},"end":{"line":1,"column":30}},"1":{"start":{"line":3,"column":0},"end":{"line":15,"column":2}},"2":{"start":{"line":4,"column":47},"end":{"line":4,"column":52}},"3":{"start":{"line":6,"column":14},"end":{"line":6,"column":58}},"4":{"start":{"line":8,"column":2},"end":{"line":14,"column":3}},"5":{"start":{"line":10,"column":6},"end":{"line":13,"column":10}},"6":{"start":{"line":10,"column":67},"end":{"line":13,"column":7}}},"fnMap":{"0":{"name":"(anonymous_0)","decl":{"start":{"line":3,"column":18},"end":{"line":3,"column":19}},"loc":{"start":{"line":3,"column":35},"end":{"line":15,"column":1}},"line":3},"1":{"name":"(anonymous_1)","decl":{"start":{"line":10,"column":52},"end":{"line":10,"column":53}},"loc":{"start":{"line":10,"column":67},"end":{"line":13,"column":7}},"line":10}},"branchMap":{"0":{"loc":{"start":{"line":8,"column":2},"end":{"line":14,"column":3}},"type":"switch","locations":[{"start":{"line":9,"column":4},"end":{"line":13,"column":10}}],"line":8}},"s":{"0":1,"1":1,"2":1,"3":1,"4":1,"5":1,"6":1},"f":{"0":1,"1":1},"b":{"0":[1]},"_coverageSchema":"1a1c01bbd47fc00a2c39e90264f33305004495a9","hash":"3e07a1bf90bcaf339aa22c681b4b06a3f9b0a696"}
}
