TN:
SF:src\index.js
FN:2,(anonymous_0)
FN:16,(anonymous_1)
FN:40,(anonymous_2)
FN:60,(anonymous_3)
FN:83,(anonymous_4)
FNF:5
FNH:5
FNDA:4,(anonymous_0)
FNDA:1,(anonymous_1)
FNDA:1,(anonymous_2)
FNDA:1,(anonymous_3)
FNDA:1,(anonymous_4)
DA:2,1
DA:3,4
DA:4,4
DA:6,1
DA:8,1
DA:10,1
DA:12,1
DA:16,1
DA:17,1
DA:18,1
DA:25,1
DA:26,0
DA:29,1
DA:30,1
DA:35,0
DA:36,0
DA:40,1
DA:41,1
DA:42,1
DA:46,1
DA:47,0
DA:49,1
DA:50,1
DA:55,0
DA:56,0
DA:60,1
DA:61,1
DA:62,1
DA:69,1
DA:70,0
DA:72,1
DA:73,1
DA:78,0
DA:79,0
DA:83,1
DA:84,1
DA:85,1
DA:88,1
DA:89,0
DA:91,1
DA:93,0
DA:94,0
LF:42
LH:30
BRDA:4,0,0,1
BRDA:4,0,1,1
BRDA:4,0,2,1
BRDA:4,0,3,1
BRDA:25,1,0,0
BRDA:25,1,1,1
BRDA:46,2,0,0
BRDA:46,2,1,1
BRDA:69,3,0,0
BRDA:69,3,1,1
BRDA:88,4,0,0
BRDA:88,4,1,1
BRF:12
BRH:8
end_of_record
